<?xml version="1.0" encoding="UTF-8"?>
<!-- Generated by org.testng.reporters.JUnitReportReporter -->
<testsuite hostname="Praveenkumar-PC" failures="0" tests="5" name="org.TestNG.TS_008" time="31.875" errors="0" timestamp="2025-05-07T10:36:35 IST" skipped="0">
  <testcase classname="org.TestNG.TS_008" name="TC_039" time="6.625"/>
  <testcase classname="org.TestNG.TS_008" name="TC_035" time="5.878"/>
  <testcase classname="org.TestNG.TS_008" name="TC_037" time="5.289"/>
  <testcase classname="org.TestNG.TS_008" name="TC_038" time="9.243"/>
  <testcase classname="org.TestNG.TS_008" name="TC_036" time="4.840"/>
</testsuite> <!-- org.TestNG.TS_008 -->
