<?xml version="1.0" encoding="UTF-8"?>
<!-- Generated by org.testng.reporters.JUnitReportReporter -->
<testsuite hostname="Praveenkumar-PC" failures="0" tests="5" name="org.TestNG.TS_013" time="31.963" errors="0" timestamp="2025-05-07T14:37:50 IST" skipped="0">
  <testcase classname="org.TestNG.TS_013" name="TC_064" time="5.026"/>
  <testcase classname="org.TestNG.TS_013" name="TC_062" time="6.483"/>
  <testcase classname="org.TestNG.TS_013" name="TC_060" time="7.003"/>
  <testcase classname="org.TestNG.TS_013" name="TC_061" time="3.958"/>
  <testcase classname="org.TestNG.TS_013" name="TC_063" time="9.493"/>
</testsuite> <!-- org.TestNG.TS_013 -->
