<?xml version="1.0" encoding="UTF-8"?>
<!-- Generated by org.testng.reporters.JUnitReportReporter -->
<testsuite hostname="Praveenkumar-PC" failures="0" tests="2" name="org.TestNG.TS_046" time="12.726" errors="0" timestamp="2025-05-09T17:44:41 IST" skipped="1">
  <testcase classname="org.TestNG.TS_046" name="TC_228" time="12.726"/>
  <testcase classname="org.TestNG.TS_046" name="TC_225">
    <skipped/>
  </testcase> <!-- TC_225 -->
</testsuite> <!-- org.TestNG.TS_046 -->
