<?xml version="1.0" encoding="UTF-8"?>
<!-- Generated by org.testng.reporters.JUnitReportReporter -->
<testsuite hostname="Praveenkumar-PC" failures="0" tests="6" name="org.TestNG.TS_025" time="65.494" errors="0" timestamp="2025-05-08T17:30:52 IST" skipped="0">
  <testcase classname="org.TestNG.TS_025" name="TC_119" time="8.325"/>
  <testcase classname="org.TestNG.TS_025" name="TC_124" time="7.314"/>
  <testcase classname="org.TestNG.TS_025" name="TC_123" time="7.444"/>
  <testcase classname="org.TestNG.TS_025" name="TC_121" time="15.934"/>
  <testcase classname="org.TestNG.TS_025" name="TC_122" time="10.101"/>
  <testcase classname="org.TestNG.TS_025" name="TC_120" time="16.376"/>
</testsuite> <!-- org.TestNG.TS_025 -->
