<?xml version="1.0" encoding="UTF-8"?>
<!-- Generated by org.testng.reporters.JUnitReportReporter -->
<testsuite hostname="Praveenkumar-PC" failures="0" tests="5" name="org.TestNG.TS_009" time="56.816" errors="0" timestamp="2025-05-07T11:32:21 IST" skipped="0">
  <testcase classname="org.TestNG.TS_009" name="TC_043" time="13.287"/>
  <testcase classname="org.TestNG.TS_009" name="TC_042" time="14.574"/>
  <testcase classname="org.TestNG.TS_009" name="TC_040" time="12.252"/>
  <testcase classname="org.TestNG.TS_009" name="TC_044" time="9.819"/>
  <testcase classname="org.TestNG.TS_009" name="TC_041" time="6.884"/>
</testsuite> <!-- org.TestNG.TS_009 -->
