<?xml version="1.0" encoding="UTF-8"?>
<!-- Generated by org.testng.reporters.JUnitReportReporter -->
<testsuite hostname="Praveenkumar-PC" failures="0" tests="1" name="org.TestNG.TS_030" time="10.231" errors="0" timestamp="2025-05-08T21:58:51 IST" skipped="0">
  <testcase classname="org.TestNG.TS_030" name="TC_149" time="10.231"/>
</testsuite> <!-- org.TestNG.TS_030 -->
