<?xml version="1.0" encoding="UTF-8"?>
<!-- Generated by org.testng.reporters.JUnitReportReporter -->
<testsuite hostname="Praveenkumar-PC" failures="0" tests="5" name="org.TestNG.TS_012" time="35.570" errors="0" timestamp="2025-05-07T14:24:39 IST" skipped="0">
  <testcase classname="org.TestNG.TS_012" name="TC_057" time="5.284"/>
  <testcase classname="org.TestNG.TS_012" name="TC_058" time="6.679"/>
  <testcase classname="org.TestNG.TS_012" name="TC_056" time="7.090"/>
  <testcase classname="org.TestNG.TS_012" name="TC_059" time="7.542"/>
  <testcase classname="org.TestNG.TS_012" name="TC_055" time="8.975"/>
</testsuite> <!-- org.TestNG.TS_012 -->
