<?xml version="1.0" encoding="UTF-8"?>
<!-- Generated by org.testng.reporters.JUnitReportReporter -->
<testsuite hostname="Praveenkumar-PC" failures="0" tests="5" name="org.TestNG.TS_026" time="34.897" errors="0" timestamp="2025-05-08T18:49:21 IST" skipped="1">
  <testcase classname="org.TestNG.TS_026" name="TC_125" time="5.700"/>
  <testcase classname="org.TestNG.TS_026" name="TC_127" time="8.054"/>
  <testcase classname="org.TestNG.TS_026" name="TC_128" time="6.819"/>
  <testcase classname="org.TestNG.TS_026" name="TC_126" time="14.324"/>
  <testcase classname="org.TestNG.TS_026" name="TC_129">
    <skipped/>
  </testcase> <!-- TC_129 -->
</testsuite> <!-- org.TestNG.TS_026 -->
