<?xml version="1.0" encoding="UTF-8"?>
<!-- Generated by org.testng.reporters.JUnitReportReporter -->
<testsuite hostname="Praveenkumar-PC" failures="0" tests="5" name="org.TestNG.TS_032" time="38.507" errors="0" timestamp="2025-05-09T10:51:58 IST" skipped="1">
  <testcase classname="org.TestNG.TS_032" name="TC_156" time="7.434"/>
  <testcase classname="org.TestNG.TS_032" name="TC_155" time="8.269"/>
  <testcase classname="org.TestNG.TS_032" name="TC_158" time="14.564"/>
  <testcase classname="org.TestNG.TS_032" name="TC_157" time="8.240"/>
  <testcase classname="org.TestNG.TS_032" name="TC_159">
    <skipped/>
  </testcase> <!-- TC_159 -->
</testsuite> <!-- org.TestNG.TS_032 -->
