<?xml version="1.0" encoding="UTF-8"?>
<!-- Generated by org.testng.reporters.JUnitReportReporter -->
<testsuite hostname="Praveenkumar-PC" failures="0" tests="5" name="org.TestNG.TS_024" time="41.870" errors="0" timestamp="2025-05-08T10:21:42 IST" skipped="1">
  <testcase classname="org.TestNG.TS_024" name="TC_115" time="8.764"/>
  <testcase classname="org.TestNG.TS_024" name="TC_116" time="20.390"/>
  <testcase classname="org.TestNG.TS_024" name="TC_114" time="6.030"/>
  <testcase classname="org.TestNG.TS_024" name="TC_117" time="6.686"/>
  <testcase classname="org.TestNG.TS_024" name="TC_118">
    <skipped/>
  </testcase> <!-- TC_118 -->
</testsuite> <!-- org.TestNG.TS_024 -->
