<?xml version="1.0" encoding="UTF-8"?>
<!-- Generated by org.testng.reporters.JUnitReportReporter -->
<testsuite hostname="Praveenkumar-PC" failures="0" tests="1" name="org.TestNG.TS_052" time="18.537" errors="0" timestamp="2025-05-10T17:13:09 IST" skipped="0">
  <testcase classname="org.TestNG.TS_052" name="TC_257" time="18.537"/>
</testsuite> <!-- org.TestNG.TS_052 -->
