<?xml version="1.0" encoding="UTF-8"?>
<!-- Generated by org.testng.reporters.JUnitReportReporter -->
<testsuite hostname="Praveenkumar-PC" failures="0" tests="4" name="org.TestNG.TS_038" time="32.039" errors="0" timestamp="2025-05-09T15:57:49 IST" skipped="1">
  <testcase classname="org.TestNG.TS_038" name="TC_186" time="7.983"/>
  <testcase classname="org.TestNG.TS_038" name="TC_185" time="12.513"/>
  <testcase classname="org.TestNG.TS_038" name="TC_188" time="11.543"/>
  <testcase classname="org.TestNG.TS_038" name="TC_187">
    <skipped/>
  </testcase> <!-- TC_187 -->
</testsuite> <!-- org.TestNG.TS_038 -->
