<?xml version="1.0" encoding="UTF-8"?>
<!-- Generated by org.testng.reporters.JUnitReportReporter -->
<testsuite hostname="Praveenkumar-PC" failures="0" tests="5" name="org.junitTest.TS_001" time="22.992" errors="0" timestamp="2025-05-05T15:27:40 IST" skipped="0">
  <testcase classname="org.junitTest.TS_001" name="TC_001" time="4.305"/>
  <testcase classname="org.junitTest.TS_001" name="TC_005" time="3.413"/>
  <testcase classname="org.junitTest.TS_001" name="TC_004" time="8.612"/>
  <testcase classname="org.junitTest.TS_001" name="TC_002" time="3.704"/>
  <testcase classname="org.junitTest.TS_001" name="TC_003" time="2.958"/>
</testsuite> <!-- org.junitTest.TS_001 -->
