<?xml version="1.0" encoding="UTF-8"?>
<!-- Generated by org.testng.reporters.JUnitReportReporter -->
<testsuite hostname="Praveenkumar-PC" failures="0" tests="1" name="org.TestNG.TS_017" time="10.001" errors="0" timestamp="2025-05-07T16:07:08 IST" skipped="0">
  <testcase classname="org.TestNG.TS_017" name="TC_084" time="10.001"/>
</testsuite> <!-- org.TestNG.TS_017 -->
