<?xml version="1.0" encoding="UTF-8"?>
<!-- Generated by org.testng.reporters.JUnitReportReporter -->
<testsuite hostname="Praveenkumar-PC" failures="0" tests="2" name="org.TestNG.TS_061" time="17.916" errors="0" timestamp="2025-05-10T20:43:04 IST" skipped="1">
  <testcase classname="org.TestNG.TS_061" name="TC_302" time="17.916"/>
  <testcase classname="org.TestNG.TS_061" name="TC_300">
    <skipped/>
  </testcase> <!-- TC_300 -->
</testsuite> <!-- org.TestNG.TS_061 -->
