<?xml version="1.0" encoding="UTF-8"?>
<!-- Generated by org.testng.reporters.JUnitReportReporter -->
<testsuite hostname="Praveenkumar-PC" failures="0" tests="1" name="org.TestNG.TS_028" time="11.277" errors="0" timestamp="2025-05-08T19:33:48 IST" skipped="0">
  <testcase classname="org.TestNG.TS_028" name="TC_139" time="11.277"/>
</testsuite> <!-- org.TestNG.TS_028 -->
