<?xml version="1.0" encoding="UTF-8"?>
<!-- Generated by org.testng.reporters.JUnitReportReporter -->
<testsuite hostname="Praveenkumar-PC" failures="0" tests="1" name="org.TestNG.TS_023" time="11.671" errors="0" timestamp="2025-05-08T09:34:28 IST" skipped="0">
  <testcase classname="org.TestNG.TS_023" name="TC_113" time="11.671"/>
</testsuite> <!-- org.TestNG.TS_023 -->
