<?xml version="1.0" encoding="UTF-8"?>
<!-- Generated by org.testng.reporters.JUnitReportReporter -->
<testsuite hostname="Praveenkumar-PC" failures="0" tests="5" name="org.junitTest.TS_002" time="21.013" errors="0" timestamp="2025-05-05T15:27:40 IST" skipped="0">
  <testcase classname="org.junitTest.TS_002" name="TC_008" time="4.941"/>
  <testcase classname="org.junitTest.TS_002" name="TC_006" time="4.562"/>
  <testcase classname="org.junitTest.TS_002" name="TC_0010" time="3.301"/>
  <testcase classname="org.junitTest.TS_002" name="TC_009" time="4.740"/>
  <testcase classname="org.junitTest.TS_002" name="TC_007" time="3.469"/>
</testsuite> <!-- org.junitTest.TS_002 -->
