<?xml version="1.0" encoding="UTF-8"?>
<!-- Generated by org.testng.reporters.JUnitReportReporter -->
<testsuite hostname="Praveenkumar-PC" failures="0" tests="5" name="org.TestNG.TS_035" time="43.840" errors="0" timestamp="2025-05-09T11:51:17 IST" skipped="0">
  <testcase classname="org.TestNG.TS_035" name="TC_172" time="8.261"/>
  <testcase classname="org.TestNG.TS_035" name="TC_171" time="5.692"/>
  <testcase classname="org.TestNG.TS_035" name="TC_174" time="6.827"/>
  <testcase classname="org.TestNG.TS_035" name="TC_173" time="13.346"/>
  <testcase classname="org.TestNG.TS_035" name="TC_170" time="9.714"/>
</testsuite> <!-- org.TestNG.TS_035 -->
