<?xml version="1.0" encoding="UTF-8"?>
<!-- Generated by org.testng.reporters.JUnitReportReporter -->
<testsuite hostname="Praveenkumar-PC" failures="0" tests="1" name="org.TestNG.TS_029" time="7.560" errors="0" timestamp="2025-05-08T19:45:04 IST" skipped="0">
  <testcase classname="org.TestNG.TS_029" name="TC_144" time="7.560"/>
</testsuite> <!-- org.TestNG.TS_029 -->
