<?xml version="1.0" encoding="UTF-8"?>
<!-- Generated by org.testng.reporters.JUnitReportReporter -->
<testsuite hostname="Praveenkumar-PC" failures="0" tests="5" name="org.TestNG.TS_016" time="25.301" errors="0" timestamp="2025-05-07T15:35:45 IST" skipped="0">
  <testcase classname="org.TestNG.TS_016" name="TC_075" time="4.647"/>
  <testcase classname="org.TestNG.TS_016" name="TC_076" time="7.586"/>
  <testcase classname="org.TestNG.TS_016" name="TC_079" time="4.977"/>
  <testcase classname="org.TestNG.TS_016" name="TC_078" time="3.736"/>
  <testcase classname="org.TestNG.TS_016" name="TC_077" time="4.355"/>
</testsuite> <!-- org.TestNG.TS_016 -->
