<?xml version="1.0" encoding="UTF-8"?>
<!-- Generated by org.testng.reporters.JUnitReportReporter -->
<testsuite hostname="Praveenkumar-PC" failures="0" tests="2" name="org.TestNG.TS_055" time="17.678" errors="0" timestamp="2025-05-10T17:43:15 IST" skipped="1">
  <testcase classname="org.TestNG.TS_055" name="TC_272" time="17.678"/>
  <testcase classname="org.TestNG.TS_055" name="TC_271">
    <skipped/>
  </testcase> <!-- TC_271 -->
</testsuite> <!-- org.TestNG.TS_055 -->
