<?xml version="1.0" encoding="UTF-8"?>
<!-- Generated by org.testng.reporters.JUnitReportReporter -->
<testsuite hostname="Praveenkumar-PC" failures="0" tests="5" name="org.TestNG.TS_031" time="29.354" errors="0" timestamp="2025-05-09T10:30:50 IST" skipped="2">
  <testcase classname="org.TestNG.TS_031" name="TC_151" time="8.216"/>
  <testcase classname="org.TestNG.TS_031" name="TC_152" time="11.801"/>
  <testcase classname="org.TestNG.TS_031" name="TC_150" time="9.337"/>
  <testcase classname="org.TestNG.TS_031" name="TC_153">
    <skipped/>
  </testcase> <!-- TC_153 -->
  <testcase classname="org.TestNG.TS_031" name="TC_154">
    <skipped/>
  </testcase> <!-- TC_154 -->
</testsuite> <!-- org.TestNG.TS_031 -->
