<?xml version="1.0" encoding="UTF-8"?>
<!-- Generated by org.testng.reporters.JUnitReportReporter -->
<testsuite hostname="Praveenkumar-PC" failures="0" tests="5" name="org.TestNG.TS_011" time="38.340" errors="0" timestamp="2025-05-07T12:19:49 IST" skipped="0">
  <testcase classname="org.TestNG.TS_011" name="TC_052" time="5.289"/>
  <testcase classname="org.TestNG.TS_011" name="TC_050" time="10.574"/>
  <testcase classname="org.TestNG.TS_011" name="TC_053" time="10.466"/>
  <testcase classname="org.TestNG.TS_011" name="TC_051" time="3.699"/>
  <testcase classname="org.TestNG.TS_011" name="TC_054" time="8.312"/>
</testsuite> <!-- org.TestNG.TS_011 -->
