<?xml version="1.0" encoding="UTF-8"?>
<!-- Generated by org.testng.reporters.JUnitReportReporter -->
<testsuite hostname="Praveenkumar-PC" failures="0" tests="5" name="org.TestNG.TS_010" time="36.470" errors="0" timestamp="2025-05-07T11:59:22 IST" skipped="0">
  <testcase classname="org.TestNG.TS_010" name="TC_048" time="13.477"/>
  <testcase classname="org.TestNG.TS_010" name="TC_047" time="6.341"/>
  <testcase classname="org.TestNG.TS_010" name="TC_045" time="5.363"/>
  <testcase classname="org.TestNG.TS_010" name="TC_049" time="3.749"/>
  <testcase classname="org.TestNG.TS_010" name="TC_046" time="7.540"/>
</testsuite> <!-- org.TestNG.TS_010 -->
