<?xml version="1.0" encoding="UTF-8"?>
<!-- Generated by org.testng.reporters.JUnitReportReporter -->
<testsuite hostname="Praveenkumar-PC" failures="0" tests="1" name="org.TestNG.TS_033" time="9.012" errors="0" timestamp="2025-05-09T11:15:16 IST" skipped="0">
  <testcase classname="org.TestNG.TS_033" name="TC_164" time="9.012"/>
</testsuite> <!-- org.TestNG.TS_033 -->
