<?xml version="1.0" encoding="UTF-8"?>
<!-- Generated by org.testng.reporters.JUnitReportReporter -->
<testsuite hostname="Praveenkumar-PC" failures="0" tests="1" name="org.TestNG.TS_015" time="7.134" errors="0" timestamp="2025-05-07T15:25:47 IST" skipped="0">
  <testcase classname="org.TestNG.TS_015" name="TC_070" time="7.134"/>
</testsuite> <!-- org.TestNG.TS_015 -->
