<?xml version="1.0" encoding="UTF-8"?>
<!-- Generated by org.testng.reporters.JUnitReportReporter -->
<testsuite hostname="Praveenkumar-PC" failures="0" tests="2" name="org.TestNG.TS_043" time="25.184" errors="0" timestamp="2025-05-10T15:32:27 IST" skipped="1">
  <testcase classname="org.TestNG.TS_043" name="TC_209" time="25.184"/>
  <testcase classname="org.TestNG.TS_043" name="TC_212">
    <skipped/>
  </testcase> <!-- TC_212 -->
</testsuite> <!-- org.TestNG.TS_043 -->
