<?xml version="1.0" encoding="UTF-8"?>
<!-- Generated by org.testng.reporters.JUnitReportReporter -->
<testsuite hostname="Praveenkumar-PC" failures="0" tests="5" name="org.TestNG.TS_027" time="30.204" errors="0" timestamp="2025-05-08T19:06:22 IST" skipped="1">
  <testcase classname="org.TestNG.TS_027" name="TC_131" time="8.844"/>
  <testcase classname="org.TestNG.TS_027" name="TC_132" time="9.018"/>
  <testcase classname="org.TestNG.TS_027" name="TC_130" time="5.920"/>
  <testcase classname="org.TestNG.TS_027" name="TC_134" time="6.422"/>
  <testcase classname="org.TestNG.TS_027" name="TC_133">
    <skipped/>
  </testcase> <!-- TC_133 -->
</testsuite> <!-- org.TestNG.TS_027 -->
