<?xml version="1.0" encoding="UTF-8"?>
<!-- Generated by org.testng.reporters.JUnitReportReporter -->
<testsuite hostname="Praveenkumar-PC" failures="0" tests="5" name="org.TestNG.TS_022" time="62.904" errors="0" timestamp="2025-05-07T21:23:55 IST" skipped="0">
  <testcase classname="org.TestNG.TS_022" name="TC_105" time="19.194"/>
  <testcase classname="org.TestNG.TS_022" name="TC_107" time="9.614"/>
  <testcase classname="org.TestNG.TS_022" name="TC_106" time="12.751"/>
  <testcase classname="org.TestNG.TS_022" name="TC_108" time="12.312"/>
  <testcase classname="org.TestNG.TS_022" name="TC_109" time="9.033"/>
</testsuite> <!-- org.TestNG.TS_022 -->
