<?xml version="1.0" encoding="UTF-8"?>
<!-- Generated by org.testng.reporters.JUnitReportReporter -->
<testsuite hostname="Praveenkumar-PC" failures="0" tests="5" name="org.TestNG.TS_006" time="29.516" errors="0" timestamp="2025-05-06T11:36:38 IST" skipped="0">
  <testcase classname="org.TestNG.TS_006" name="TC_029" time="6.229"/>
  <testcase classname="org.TestNG.TS_006" name="TC_025" time="3.873"/>
  <testcase classname="org.TestNG.TS_006" name="TC_027" time="6.092"/>
  <testcase classname="org.TestNG.TS_006" name="TC_028" time="8.732"/>
  <testcase classname="org.TestNG.TS_006" name="TC_026" time="4.590"/>
</testsuite> <!-- org.TestNG.TS_006 -->
