<?xml version="1.0" encoding="UTF-8"?>
<!-- Generated by org.testng.reporters.JUnitReportReporter -->
<testsuite hostname="Praveenkumar-PC" failures="0" tests="1" name="org.TestNG.TS_021" time="11.968" errors="0" timestamp="2025-05-07T19:24:16 IST" skipped="0">
  <testcase classname="org.TestNG.TS_021" name="TC_104" time="11.968"/>
</testsuite> <!-- org.TestNG.TS_021 -->
